<?xml version="1.0" encoding="UTF-8"?>
<testng-results skipped="0" failed="1" ignored="2" total="3" passed="0">
  <reporter-output>
  </reporter-output>
  <suite name="Suite" duration-ms="170127" started-at="2020-01-29T15:09:34Z" finished-at="2020-01-29T15:12:24Z">
    <groups>
    </groups>
    <test name="Test" duration-ms="170127" started-at="2020-01-29T15:09:34Z" finished-at="2020-01-29T15:12:24Z">
      <class name="com.tcs.salesforce.tests.POC_AdeccoMarketPlayers">
        <test-method status="PASS" signature="beforeSuite()[pri:0, instance:com.tcs.salesforce.tests.POC_AdeccoMarketPlayers@3a8624]" name="beforeSuite" is-config="true" duration-ms="955" started-at="2020-01-29T20:39:33Z" finished-at="2020-01-29T20:39:34Z">
          <reporter-output>
          </reporter-output>
        </test-method> <!-- beforeSuite -->
        <test-method status="PASS" signature="initializeDriver()[pri:0, instance:com.tcs.salesforce.tests.POC_AdeccoMarketPlayers@3a8624]" name="initializeDriver" is-config="true" duration-ms="10476" started-at="2020-01-29T20:39:34Z" finished-at="2020-01-29T20:39:45Z">
          <reporter-output>
          </reporter-output>
        </test-method> <!-- initializeDriver -->
        <test-method status="FAIL" signature="mp_001_PotentialAdeccoCreation()[pri:0, instance:com.tcs.salesforce.tests.POC_AdeccoMarketPlayers@3a8624]" name="mp_001_PotentialAdeccoCreation" duration-ms="159349" started-at="2020-01-29T20:39:45Z" finished-at="2020-01-29T20:42:24Z">
          <exception class="java.lang.AssertionError">
            <message>
              <![CDATA[expected [true] but found [false]]]>
            </message>
            <full-stacktrace>
              <![CDATA[java.lang.AssertionError: expected [true] but found [false]
	at org.testng.Assert.fail(Assert.java:93)
	at org.testng.Assert.failNotEquals(Assert.java:512)
	at org.testng.Assert.assertEqualsImpl(Assert.java:134)
	at org.testng.Assert.assertEquals(Assert.java:115)
	at org.testng.Assert.assertEquals(Assert.java:304)
	at org.testng.Assert.assertEquals(Assert.java:314)
	at com.tcs.salesforce.tests.POC_AdeccoMarketPlayers.mp_001_PotentialAdeccoCreation(POC_AdeccoMarketPlayers.java:103)
	at sun.reflect.NativeMethodAccessorImpl.invoke0(Native Method)
	at sun.reflect.NativeMethodAccessorImpl.invoke(Unknown Source)
	at sun.reflect.DelegatingMethodAccessorImpl.invoke(Unknown Source)
	at java.lang.reflect.Method.invoke(Unknown Source)
	at org.testng.internal.MethodInvocationHelper.invokeMethod(MethodInvocationHelper.java:108)
	at org.testng.internal.Invoker.invokeMethod(Invoker.java:661)
	at org.testng.internal.Invoker.invokeTestMethod(Invoker.java:869)
	at org.testng.internal.Invoker.invokeTestMethods(Invoker.java:1193)
	at org.testng.internal.TestMethodWorker.invokeTestMethods(TestMethodWorker.java:126)
	at org.testng.internal.TestMethodWorker.run(TestMethodWorker.java:109)
	at org.testng.TestRunner.privateRun(TestRunner.java:744)
	at org.testng.TestRunner.run(TestRunner.java:602)
	at org.testng.SuiteRunner.runTest(SuiteRunner.java:380)
	at org.testng.SuiteRunner.runSequentially(SuiteRunner.java:375)
	at org.testng.SuiteRunner.privateRun(SuiteRunner.java:340)
	at org.testng.SuiteRunner.run(SuiteRunner.java:289)
	at org.testng.SuiteRunnerWorker.runSuite(SuiteRunnerWorker.java:52)
	at org.testng.SuiteRunnerWorker.run(SuiteRunnerWorker.java:86)
	at org.testng.TestNG.runSuitesSequentially(TestNG.java:1301)
	at org.testng.TestNG.runSuitesLocally(TestNG.java:1226)
	at org.testng.TestNG.runSuites(TestNG.java:1144)
	at org.testng.TestNG.run(TestNG.java:1115)
	at org.testng.remote.AbstractRemoteTestNG.run(AbstractRemoteTestNG.java:114)
	at org.testng.remote.RemoteTestNG.initAndRun(RemoteTestNG.java:251)
	at org.testng.remote.RemoteTestNG.main(RemoteTestNG.java:77)
]]>
            </full-stacktrace>
          </exception> <!-- java.lang.AssertionError -->
          <reporter-output>
          </reporter-output>
        </test-method> <!-- mp_001_PotentialAdeccoCreation -->
        <test-method status="PASS" signature="testResult()[pri:0, instance:com.tcs.salesforce.tests.POC_AdeccoMarketPlayers@3a8624]" name="testResult" is-config="true" duration-ms="273" started-at="2020-01-29T20:42:24Z" finished-at="2020-01-29T20:42:24Z">
          <reporter-output>
          </reporter-output>
        </test-method> <!-- testResult -->
      </class> <!-- com.tcs.salesforce.tests.POC_AdeccoMarketPlayers -->
    </test> <!-- Test -->
  </suite> <!-- Suite -->
</testng-results>
